[debug] [2024-07-23T14:16:58.396Z] ----------------------------------------------------------------------
[debug] [2024-07-23T14:16:58.402Z] Command:       C:\Program Files\nodejs\node.exe C:\Users\Hello\AppData\Roaming\npm\node_modules\firebase-tools\lib\bin\firebase.js init
[debug] [2024-07-23T14:16:58.403Z] CLI Version:   13.13.1
[debug] [2024-07-23T14:16:58.403Z] Platform:      win32
[debug] [2024-07-23T14:16:58.403Z] Node Version:  v20.8.0
[debug] [2024-07-23T14:16:58.403Z] Time:          Tue Jul 23 2024 19:46:58 GMT+0530 (India Standard Time)
[debug] [2024-07-23T14:16:58.404Z] ----------------------------------------------------------------------
[debug] 
[debug] [2024-07-23T14:16:58.413Z] > command requires scopes: ["email","openid","https://www.googleapis.com/auth/cloudplatformprojects.readonly","https://www.googleapis.com/auth/firebase","https://www.googleapis.com/auth/cloud-platform"]
[debug] [2024-07-23T14:16:58.414Z] > authorizing via signed-in user (dhruvpatwa16@gmail.com)
[info] 
     ######## #### ########  ######## ########     ###     ######  ########
     ##        ##  ##     ## ##       ##     ##  ##   ##  ##       ##
     ######    ##  ########  ######   ########  #########  ######  ######
     ##        ##  ##    ##  ##       ##     ## ##     ##       ## ##
     ##       #### ##     ## ######## ########  ##     ##  ######  ########

You're about to initialize a Firebase project in this directory:

  F:\Blogging website\vivid_voices

[info] 
=== Project Setup
[info] 
[info] First, let's associate this project directory with a Firebase project.
[info] You can create multiple project aliases by running firebase use --add, 
[info] but for now we'll just set up a default project.
[info] 
[debug] [2024-07-23T14:17:07.089Z] >>> [apiv2][query] GET https://firebase.googleapis.com/v1beta1/projects pageSize=100
[debug] [2024-07-23T14:17:08.123Z] <<< [apiv2][status] GET https://firebase.googleapis.com/v1beta1/projects 401
[debug] [2024-07-23T14:17:08.123Z] <<< [apiv2][body] GET https://firebase.googleapis.com/v1beta1/projects [omitted]
[debug] [2024-07-23T14:17:08.124Z] HTTP Error: 401, Request had invalid authentication credentials. Expected OAuth 2 access token, login cookie or other valid authentication credential. See https://developers.google.com/identity/sign-in/web/devconsole-project.
[debug] [2024-07-23T14:17:08.819Z] FirebaseError: HTTP Error: 401, Request had invalid authentication credentials. Expected OAuth 2 access token, login cookie or other valid authentication credential. See https://developers.google.com/identity/sign-in/web/devconsole-project.
    at responseToError (C:\Users\Hello\AppData\Roaming\npm\node_modules\firebase-tools\lib\responseToError.js:49:12)
    at RetryOperation._fn (C:\Users\Hello\AppData\Roaming\npm\node_modules\firebase-tools\lib\apiv2.js:305:77)
    at process.processTicksAndRejections (node:internal/process/task_queues:95:5)
[error] 
[error] Error: Failed to list Firebase projects. See firebase-debug.log for more info.
[debug] [2024-07-23T14:17:17.311Z] ----------------------------------------------------------------------
[debug] [2024-07-23T14:17:17.316Z] Command:       C:\Program Files\nodejs\node.exe C:\Users\Hello\AppData\Roaming\npm\node_modules\firebase-tools\lib\bin\firebase.js init
[debug] [2024-07-23T14:17:17.316Z] CLI Version:   13.13.1
[debug] [2024-07-23T14:17:17.316Z] Platform:      win32
[debug] [2024-07-23T14:17:17.317Z] Node Version:  v20.8.0
[debug] [2024-07-23T14:17:17.317Z] Time:          Tue Jul 23 2024 19:47:17 GMT+0530 (India Standard Time)
[debug] [2024-07-23T14:17:17.317Z] ----------------------------------------------------------------------
[debug] 
[debug] [2024-07-23T14:17:17.325Z] > command requires scopes: ["email","openid","https://www.googleapis.com/auth/cloudplatformprojects.readonly","https://www.googleapis.com/auth/firebase","https://www.googleapis.com/auth/cloud-platform"]
[debug] [2024-07-23T14:17:17.326Z] > authorizing via signed-in user (dhruvpatwa16@gmail.com)
[info] 
     ######## #### ########  ######## ########     ###     ######  ########
     ##        ##  ##     ## ##       ##     ##  ##   ##  ##       ##
     ######    ##  ########  ######   ########  #########  ######  ######
     ##        ##  ##    ##  ##       ##     ## ##     ##       ## ##
     ##       #### ##     ## ######## ########  ##     ##  ######  ########

You're about to initialize a Firebase project in this directory:

  F:\Blogging website\vivid_voices

[info] 
=== Project Setup
[info] 
[info] First, let's associate this project directory with a Firebase project.
[info] You can create multiple project aliases by running firebase use --add, 
[info] but for now we'll just set up a default project.
[info] 
[info] i  If you want to create a project in a Google Cloud organization or folder, please use "firebase projects:create" instead, and return to this command when you've created the project. 
